<?xml version="1.0" encoding="UTF-8"?>
<testng-results skipped="0" failed="0" total="1" passed="1">
  <reporter-output>
  </reporter-output>
  <suite name="Default suite" duration-ms="4201" started-at="2020-05-30T04:35:58Z" finished-at="2020-05-30T04:36:02Z">
    <groups>
    </groups>
    <test name="Default test" duration-ms="4201" started-at="2020-05-30T04:35:58Z" finished-at="2020-05-30T04:36:02Z">
      <class name="com.jenkiens.JenkinesReader.JenkinesReaderApplicationTests">
        <test-method status="PASS" signature="springTestContextBeforeTestClass()[pri:0, instance:com.jenkiens.JenkinesReader.JenkinesReaderApplicationTests@d76f31]" name="springTestContextBeforeTestClass" is-config="true" duration-ms="18" started-at="2020-05-30T10:05:58Z" finished-at="2020-05-30T10:05:58Z">
          <reporter-output>
          </reporter-output>
        </test-method> <!-- springTestContextBeforeTestClass -->
        <test-method status="PASS" signature="springTestContextPrepareTestInstance()[pri:0, instance:com.jenkiens.JenkinesReader.JenkinesReaderApplicationTests@d76f31]" name="springTestContextPrepareTestInstance" is-config="true" duration-ms="3916" started-at="2020-05-30T10:05:58Z" depends-on-methods="org.springframework.test.context.testng.AbstractTestNGSpringContextTests.springTestContextBeforeTestClass" finished-at="2020-05-30T10:06:02Z">
          <reporter-output>
          </reporter-output>
        </test-method> <!-- springTestContextPrepareTestInstance -->
        <test-method status="PASS" signature="test()[pri:0, instance:com.jenkiens.JenkinesReader.JenkinesReaderApplicationTests@d76f31]" name="test" is-config="true" duration-ms="52" started-at="2020-05-30T10:06:02Z" finished-at="2020-05-30T10:06:02Z">
          <reporter-output>
          </reporter-output>
        </test-method> <!-- test -->
        <test-method status="PASS" signature="springTestContextBeforeTestMethod(java.lang.reflect.Method)[pri:0, instance:com.jenkiens.JenkinesReader.JenkinesReaderApplicationTests@d76f31]" name="springTestContextBeforeTestMethod" is-config="true" duration-ms="1" started-at="2020-05-30T10:06:02Z" finished-at="2020-05-30T10:06:02Z">
          <params>
            <param index="0">
              <value>
                <![CDATA[public void com.jenkiens.JenkinesReader.JenkinesReaderApplicationTests.shouldReturnDefaultMessage() throws java.lang.Exception]]>
              </value>
            </param>
          </params>
          <reporter-output>
          </reporter-output>
        </test-method> <!-- springTestContextBeforeTestMethod -->
        <test-method status="PASS" signature="shouldReturnDefaultMessage()[pri:0, instance:com.jenkiens.JenkinesReader.JenkinesReaderApplicationTests@d76f31]" name="shouldReturnDefaultMessage" duration-ms="191" started-at="2020-05-30T10:06:02Z" finished-at="2020-05-30T10:06:02Z">
          <reporter-output>
          </reporter-output>
        </test-method> <!-- shouldReturnDefaultMessage -->
        <test-method status="PASS" signature="springTestContextAfterTestMethod(java.lang.reflect.Method)[pri:0, instance:com.jenkiens.JenkinesReader.JenkinesReaderApplicationTests@d76f31]" name="springTestContextAfterTestMethod" is-config="true" duration-ms="0" started-at="2020-05-30T10:06:02Z" finished-at="2020-05-30T10:06:02Z">
          <params>
            <param index="0">
              <value>
                <![CDATA[public void com.jenkiens.JenkinesReader.JenkinesReaderApplicationTests.shouldReturnDefaultMessage() throws java.lang.Exception]]>
              </value>
            </param>
          </params>
          <reporter-output>
          </reporter-output>
        </test-method> <!-- springTestContextAfterTestMethod -->
        <test-method status="PASS" signature="springTestContextAfterTestClass()[pri:0, instance:com.jenkiens.JenkinesReader.JenkinesReaderApplicationTests@d76f31]" name="springTestContextAfterTestClass" is-config="true" duration-ms="0" started-at="2020-05-30T10:06:02Z" finished-at="2020-05-30T10:06:02Z">
          <reporter-output>
          </reporter-output>
        </test-method> <!-- springTestContextAfterTestClass -->
      </class> <!-- com.jenkiens.JenkinesReader.JenkinesReaderApplicationTests -->
    </test> <!-- Default test -->
  </suite> <!-- Default suite -->
</testng-results>
